/home/luke/python-api
/home/luke/python-api/uploads/
saving /home/luke/python-api/uploads/face.jpg
/home/luke/python-api
/home/luke/python-api/uploads/
saving /home/luke/python-api/uploads/face.jpg
/home/luke/python-api
/home/luke/python-api/uploads/
saving /home/luke/python-api/uploads/face.jpg
/home/luke/python-api
/home/luke/python-api
/home/luke/python-api/uploads/
saving /home/luke/python-api/uploads/face.jpg
/home/luke/python-api
/home/luke/python-api/uploads/
saving /home/luke/python-api/uploads/face.jpg
/home/luke/python-api
/home/luke/python-api/uploads/
saving /home/luke/python-api/uploads/face.jpg
/home/luke/python-api
/home/luke/python-api/uploads/
saving /home/luke/python-api/uploads/face.jpg
/home/luke/python-api
/home/luke/python-api/uploads/
saving /home/luke/python-api/uploads/face.jpg
/home/luke/python-api
/home/luke/python-api
/home/luke/python-api
/home/luke/python-api/uploads/
saving /home/luke/python-api/uploads/test.jpg
/home/luke/python-api
/home/luke/python-api/uploads/
Exception on / [POST]
Traceback (most recent call last):
  File "/home/luke/.local/lib/python2.7/site-packages/flask/app.py", line 1982, in wsgi_app
    response = self.full_dispatch_request()
  File "/home/luke/.local/lib/python2.7/site-packages/flask/app.py", line 1614, in full_dispatch_request
    rv = self.handle_user_exception(e)
  File "/usr/local/lib/python2.7/dist-packages/flask_cors/extension.py", line 161, in wrapped_function
    return cors_after_request(app.make_response(f(*args, **kwargs)))
  File "/home/luke/.local/lib/python2.7/site-packages/flask/app.py", line 1517, in handle_user_exception
    reraise(exc_type, exc_value, tb)
  File "/home/luke/.local/lib/python2.7/site-packages/flask/app.py", line 1612, in full_dispatch_request
    rv = self.dispatch_request()
  File "/home/luke/.local/lib/python2.7/site-packages/flask/app.py", line 1598, in dispatch_request
    return self.view_functions[rule.endpoint](**req.view_args)
  File "server.py", line 34, in api_root
    binary_data = a2b_base64(data)
Error: Incorrect padding
/home/luke/python-api
/home/luke/python-api/uploads/
saving /home/luke/python-api/uploads/test.jpg
/home/luke/python-api
/home/luke/python-api/uploads/
saving /home/luke/python-api/uploads/test.jpeg
/home/luke/python-api
/home/luke/python-api/uploads/
saving /home/luke/python-api/uploads/test.jpg
/home/luke/python-api
/home/luke/python-api/uploads/
saving /home/luke/python-api/uploads/test.jpg
/home/luke/python-api
/home/luke/python-api/uploads/
saving /home/luke/python-api/uploads/test.png
/home/luke/python-api
/home/luke/python-api/uploads/
saving /home/luke/python-api/uploads/test.jpg
/home/luke/python-api
/home/luke/python-api/uploads/
saving /home/luke/python-api/uploads/test.jpg
/home/luke/python-api
/home/luke/python-api/uploads/
saving /home/luke/python-api/uploads/test.jpg
/home/luke/python-api
/home/luke/python-api/uploads/
saving /home/luke/python-api/uploads/test.jpg
/home/luke/python-api
/home/luke/python-api/uploads/
saving /home/luke/python-api/uploads/test.jpg
/home/luke/python-api
/home/luke/python-api/uploads/
saving /home/luke/python-api/uploads/test.jpg
/home/luke/python-api
/home/luke/python-api/uploads/
saving /home/luke/python-api/uploads/test.jpg
/home/luke/python-api
/home/luke/python-api/uploads/
saving /home/luke/python-api/uploads/test.jpg
/home/luke/python-api
/home/luke/python-api/uploads/
saving /home/luke/python-api/uploads/test.jpg
/home/luke/python-api
/home/luke/python-api/uploads/
saving /home/luke/python-api/uploads/Luke.jpg
/home/luke/python-api
/home/luke/python-api/uploads/
saving /home/luke/python-api/uploads/Luke_teest.jpg
/home/luke/python-api
/home/luke/python-api/uploads/
saving /home/luke/python-api/uploads/Heather_Cook.jpg
/home/luke/python-api
/home/luke/python-api/uploads/
saving /home/luke/python-api/uploads/Luke_P.jpg
/home/luke/python-api
/home/luke/python-api/uploads/
saving /home/luke/python-api/uploads/Luke.jpg
/home/luke/python-api
/home/luke/python-api/uploads/
saving /home/luke/python-api/uploads/Lukey.jpg
/home/luke/python-api
/home/luke/python-api/uploads/
saving /home/luke/python-api/uploads/Lukey_P.jpg
/home/luke/python-api
/home/luke/python-api/uploads/
saving /home/luke/python-api/uploads/Lukey_P1.jpg
/home/luke/python-api
/home/luke/python-api/uploads/
saving /home/luke/python-api/uploads/Lukey_P2.jpg
/home/luke/python-api
/home/luke/python-api/uploads/
saving /home/luke/python-api/uploads/Luke.jpg
/home/luke/python-api
/home/luke/python-api/uploads/
saving /home/luke/python-api/uploads/Luke_1.jpg
/home/luke/python-api
/home/luke/python-api/uploads/
saving /home/luke/python-api/uploads/Lukey_P.jpg
/home/luke/python-api
/home/luke/python-api/uploads/
saving /home/luke/python-api/uploads/Lukey_P45.jpg
/home/luke/python-api
/home/luke/python-api/uploads/
saving /home/luke/python-api/uploads/Lukey3.jpg
/home/luke/python-api
/home/luke/python-api/uploads/
saving /home/luke/python-api/uploads/Luke_Pasturczak.jpg
/home/luke/python-api
/home/luke/python-api/uploads/
saving /home/luke/python-api/uploads/Luke_Pasturczak.jpg
/home/luke/python-api
/home/luke/python-api/uploads/
saving /home/luke/python-api/uploads/Luke_Pasturczak1.jpg
/home/luke/python-api
/home/luke/python-api/uploads/
saving /home/luke/python-api/uploads/Luke_Pasturczak2.jpg
/home/luke/python-api
/home/luke/python-api/uploads/
saving /home/luke/python-api/uploads/Luke_Pasturczak3.jpg
/home/luke/python-api
/home/luke/python-api/uploads/
saving /home/luke/python-api/uploads/Luke_Pasturczak2.jpg
/home/luke/python-api
/home/luke/python-api/uploads/
saving /home/luke/python-api/uploads/Luke.jpg
/home/luke/python-api
/home/luke/python-api/uploads/
saving /home/luke/python-api/uploads/Luke.jpg
/home/luke/python-api
/home/luke/python-api/uploads/
saving /home/luke/python-api/uploads/John.jpg
/home/luke/python-api
/home/luke/python-api/known/
saving /home/luke/python-api/known/Luke.jpg
/home/luke/python-api
/home/luke/python-api/known/
saving /home/luke/python-api/known/Luke.jpg
/home/luke/python-api
/home/luke/python-api/known/
saving /home/luke/python-api/known/Luke.jpg
/home/luke/python-api
/home/luke/python-api/unknown/
Exception on /face [POST]
Traceback (most recent call last):
  File "/home/luke/.local/lib/python2.7/site-packages/flask/app.py", line 1982, in wsgi_app
    response = self.full_dispatch_request()
  File "/home/luke/.local/lib/python2.7/site-packages/flask/app.py", line 1614, in full_dispatch_request
    rv = self.handle_user_exception(e)
  File "/usr/local/lib/python2.7/dist-packages/flask_cors/extension.py", line 161, in wrapped_function
    return cors_after_request(app.make_response(f(*args, **kwargs)))
  File "/home/luke/.local/lib/python2.7/site-packages/flask/app.py", line 1517, in handle_user_exception
    reraise(exc_type, exc_value, tb)
  File "/home/luke/.local/lib/python2.7/site-packages/flask/app.py", line 1612, in full_dispatch_request
    rv = self.dispatch_request()
  File "/home/luke/.local/lib/python2.7/site-packages/flask/app.py", line 1598, in dispatch_request
    return self.view_functions[rule.endpoint](**req.view_args)
  File "server.py", line 53, in api_face
    img_name = secure_filename(user_name + '.jpg')
TypeError: unsupported operand type(s) for +: 'UUID' and 'str'
/home/luke/python-api
/home/luke/python-api/unknown/
saving /home/luke/python-api/unknown/057b86f7-85d5-4305-85db-84e41badb809.jpg
Exception on /face [POST]
Traceback (most recent call last):
  File "/home/luke/.local/lib/python2.7/site-packages/flask/app.py", line 1982, in wsgi_app
    response = self.full_dispatch_request()
  File "/home/luke/.local/lib/python2.7/site-packages/flask/app.py", line 1614, in full_dispatch_request
    rv = self.handle_user_exception(e)
  File "/usr/local/lib/python2.7/dist-packages/flask_cors/extension.py", line 161, in wrapped_function
    return cors_after_request(app.make_response(f(*args, **kwargs)))
  File "/home/luke/.local/lib/python2.7/site-packages/flask/app.py", line 1517, in handle_user_exception
    reraise(exc_type, exc_value, tb)
  File "/home/luke/.local/lib/python2.7/site-packages/flask/app.py", line 1612, in full_dispatch_request
    rv = self.dispatch_request()
  File "/home/luke/.local/lib/python2.7/site-packages/flask/app.py", line 1598, in dispatch_request
    return self.view_functions[rule.endpoint](**req.view_args)
  File "server.py", line 65, in api_face
    known_face = face_recognition.load_image_file(filename)
  File "/usr/local/lib/python2.7/dist-packages/face_recognition/api.py", line 83, in load_image_file
    im = PIL.Image.open(file)
  File "/usr/local/lib/python2.7/dist-packages/PIL/Image.py", line 2580, in open
    fp = builtins.open(filename, "rb")
IOError: [Errno 2] No such file or directory: 'Luke.jpg'
/home/luke/python-api
/home/luke/python-api/known/
saving /home/luke/python-api/known/Luke.jpg
/home/luke/python-api
/home/luke/python-api/unknown/
saving /home/luke/python-api/unknown/fb2f4a20-a270-4800-a296-8a44b24a96f4.jpg
Exception on /face [POST]
Traceback (most recent call last):
  File "/home/luke/.local/lib/python2.7/site-packages/flask/app.py", line 1982, in wsgi_app
    response = self.full_dispatch_request()
  File "/home/luke/.local/lib/python2.7/site-packages/flask/app.py", line 1614, in full_dispatch_request
    rv = self.handle_user_exception(e)
  File "/usr/local/lib/python2.7/dist-packages/flask_cors/extension.py", line 161, in wrapped_function
    return cors_after_request(app.make_response(f(*args, **kwargs)))
  File "/home/luke/.local/lib/python2.7/site-packages/flask/app.py", line 1517, in handle_user_exception
    reraise(exc_type, exc_value, tb)
  File "/home/luke/.local/lib/python2.7/site-packages/flask/app.py", line 1612, in full_dispatch_request
    rv = self.dispatch_request()
  File "/home/luke/.local/lib/python2.7/site-packages/flask/app.py", line 1598, in dispatch_request
    return self.view_functions[rule.endpoint](**req.view_args)
  File "server.py", line 72, in api_face
    result = face_recognition.compare_faces(known_face_encoding, unknown_face_encoding)
  File "/usr/local/lib/python2.7/dist-packages/face_recognition/api.py", line 212, in compare_faces
    return list(face_distance(known_face_encodings, face_encoding_to_check) <= tolerance)
  File "/usr/local/lib/python2.7/dist-packages/face_recognition/api.py", line 72, in face_distance
    return np.linalg.norm(face_encodings - face_to_compare, axis=1)
  File "/usr/local/lib/python2.7/dist-packages/numpy/linalg/linalg.py", line 2378, in norm
    return sqrt(add.reduce(s, axis=axis, keepdims=keepdims))
AxisError: axis 1 is out of bounds for array of dimension 1
/home/luke/python-api
/home/luke/python-api/unknown/
saving /home/luke/python-api/unknown/0a6ae727-4a18-4618-91fc-90364f0e0895.jpg
/home/luke/python-api
/home/luke/python-api/known/
saving /home/luke/python-api/known/TEST1.jpg
/home/luke/python-api
/home/luke/python-api/known/
saving /home/luke/python-api/known/TEST3.jpg
/home/luke/python-api
/home/luke/python-api/known/
saving /home/luke/python-api/known/AA.jpg
/home/luke/python-api
/home/luke/python-api/unknown/
saving /home/luke/python-api/unknown/86c73bcd-e3a1-4034-afde-d5a587643f32.jpg
/home/luke/python-api
/home/luke/python-api/known/
saving /home/luke/python-api/known/arch.jpg
/home/luke/python-api
/home/luke/python-api/known/
saving /home/luke/python-api/known/arch.jpg
/home/luke/python-api
/home/luke/python-api/unknown/
saving /home/luke/python-api/unknown/3f635797-b64c-4e08-9f9d-94db20f04e3b.jpg
/home/luke/python-api
/home/luke/python-api/unknown/
saving /home/luke/python-api/unknown/8fc9114c-6bb4-42fc-ab83-a938f95a1101.jpg
/home/luke/python-api
/home/luke/python-api/unknown/
saving /home/luke/python-api/unknown/489bf00b-7b3c-4020-82e6-61a83f56c9bf.jpg
/home/luke/python-api
/home/luke/python-api/unknown/
saving /home/luke/python-api/unknown/f2083922-1cae-4d53-99b8-ff1aeb49747b.jpg
/home/luke/python-api
/home/luke/python-api/known/
saving /home/luke/python-api/known/John_Smith.jpg
/home/luke/python-api
/home/luke/python-api/unknown/
saving /home/luke/python-api/unknown/52950a62-90ca-4dde-ae3b-3abd4506ef60.jpg
/home/luke/python-api
/home/luke/python-api/unknown/
saving /home/luke/python-api/unknown/cf8c25c6-d9b2-4831-8e6f-1c040eaae226.jpg
/home/luke/python-api
/home/luke/python-api/unknown/
saving /home/luke/python-api/unknown/c580f934-0be3-479f-a019-f8404dc2de79.jpg
Exception on /face [POST]
Traceback (most recent call last):
  File "/home/luke/.local/lib/python2.7/site-packages/flask/app.py", line 1982, in wsgi_app
    response = self.full_dispatch_request()
  File "/home/luke/.local/lib/python2.7/site-packages/flask/app.py", line 1615, in full_dispatch_request
    return self.finalize_request(rv)
  File "/home/luke/.local/lib/python2.7/site-packages/flask/app.py", line 1630, in finalize_request
    response = self.make_response(rv)
  File "/home/luke/.local/lib/python2.7/site-packages/flask/app.py", line 1725, in make_response
    raise ValueError('View function did not return a response')
ValueError: View function did not return a response
/home/luke/python-api
/home/luke/python-api/unknown/
saving /home/luke/python-api/unknown/f80aa9d9-38a5-4c86-aead-d7406bcac6dd.jpg
Exception on /face [POST]
Traceback (most recent call last):
  File "/home/luke/.local/lib/python2.7/site-packages/flask/app.py", line 1982, in wsgi_app
    response = self.full_dispatch_request()
  File "/home/luke/.local/lib/python2.7/site-packages/flask/app.py", line 1615, in full_dispatch_request
    return self.finalize_request(rv)
  File "/home/luke/.local/lib/python2.7/site-packages/flask/app.py", line 1630, in finalize_request
    response = self.make_response(rv)
  File "/home/luke/.local/lib/python2.7/site-packages/flask/app.py", line 1725, in make_response
    raise ValueError('View function did not return a response')
ValueError: View function did not return a response
/home/luke/python-api
/home/luke/python-api/unknown/
saving /home/luke/python-api/unknown/1ba994ee-9271-4ec8-b696-80d19e57156b.jpg
Exception on /face [POST]
Traceback (most recent call last):
  File "/home/luke/.local/lib/python2.7/site-packages/flask/app.py", line 1982, in wsgi_app
    response = self.full_dispatch_request()
  File "/home/luke/.local/lib/python2.7/site-packages/flask/app.py", line 1615, in full_dispatch_request
    return self.finalize_request(rv)
  File "/home/luke/.local/lib/python2.7/site-packages/flask/app.py", line 1630, in finalize_request
    response = self.make_response(rv)
  File "/home/luke/.local/lib/python2.7/site-packages/flask/app.py", line 1725, in make_response
    raise ValueError('View function did not return a response')
ValueError: View function did not return a response
/home/luke/python-api
/home/luke/python-api/known/
saving /home/luke/python-api/known/Arch.jpg
/home/luke/python-api
/home/luke/python-api/unknown/
saving /home/luke/python-api/unknown/fe4d9047-fbda-405c-bab3-9a75fa7bc143.jpg
Exception on /face [POST]
Traceback (most recent call last):
  File "/home/luke/.local/lib/python2.7/site-packages/flask/app.py", line 1982, in wsgi_app
    response = self.full_dispatch_request()
  File "/home/luke/.local/lib/python2.7/site-packages/flask/app.py", line 1615, in full_dispatch_request
    return self.finalize_request(rv)
  File "/home/luke/.local/lib/python2.7/site-packages/flask/app.py", line 1630, in finalize_request
    response = self.make_response(rv)
  File "/home/luke/.local/lib/python2.7/site-packages/flask/app.py", line 1725, in make_response
    raise ValueError('View function did not return a response')
ValueError: View function did not return a response
/home/luke/python-api
/home/luke/python-api/unknown/
saving /home/luke/python-api/unknown/f95118c2-e7c4-4e05-8d5e-036d5a1a0376.jpg
/home/luke/python-api
/home/luke/python-api/unknown/
saving /home/luke/python-api/unknown/b4019bbd-8b5e-4004-9677-82295150003d.jpg
/home/luke/python-api
/home/luke/python-api/unknown/
saving /home/luke/python-api/unknown/70e75325-5013-44e0-bc5d-44ace070c33c.jpg
/home/luke/python-api
/home/luke/python-api/unknown/
saving /home/luke/python-api/unknown/9d7accb5-75ac-46c7-a6ee-ba66370db540.jpg
/home/luke/python-api
/home/luke/python-api/unknown/
saving /home/luke/python-api/unknown/f70ba6fb-45d7-4bae-860d-315f6780f4c4.jpg
/home/luke/python-api
/home/luke/python-api/unknown/
saving /home/luke/python-api/unknown/a770613b-0c68-447d-9660-44aebcb73038.jpg
/home/luke/python-api
/home/luke/python-api/unknown/
saving /home/luke/python-api/unknown/4c8cf773-e37f-47b0-9213-6d72740280c7.jpg
/home/luke/python-api
/home/luke/python-api/unknown/
saving /home/luke/python-api/unknown/2018f922-6926-4d1b-a9d7-ba6854724adc.jpg
/home/luke/python-api
/home/luke/python-api/unknown/
saving /home/luke/python-api/unknown/07085b0b-6127-467d-bb1f-fe94e2fe2f4b.jpg
/home/luke/python-api
/home/luke/python-api/unknown/
saving /home/luke/python-api/unknown/ed3e62d9-8d4d-4607-9b57-fe6afb8c36db.jpg
/home/luke/python-api
/home/luke/python-api/unknown/
saving /home/luke/python-api/unknown/a7e8061c-276f-467b-8956-e29122c02ec7.jpg
/home/luke/python-api
/home/luke/python-api/unknown/
saving /home/luke/python-api/unknown/0b16e712-ad0f-454d-a12e-e811b5c0b791.jpg
/home/luke/python-api
/home/luke/python-api/unknown/
saving /home/luke/python-api/unknown/49c6aa25-7bec-4a8b-817e-114acb9fde8c.jpg
/home/luke/python-api
/home/luke/python-api/unknown/
saving /home/luke/python-api/unknown/3e3199b8-556d-469c-85f8-6942309eb639.jpg
/home/luke/python-api
/home/luke/python-api/unknown/
saving /home/luke/python-api/unknown/b082c515-cbc1-46a7-9cbe-ce874c148519.jpg
/home/luke/python-api
/home/luke/python-api/unknown/
saving /home/luke/python-api/unknown/bf1d2fc9-f17e-4414-83cc-34c16b2f686c.jpg
/home/luke/python-api
/home/luke/python-api/known/
saving /home/luke/python-api/known/Luke.jpg
/home/luke/python-api
/home/luke/python-api/unknown/
saving /home/luke/python-api/unknown/6f6c42c6-2748-4805-9798-21bf4f7a9088.jpg
/home/luke/python-api
/home/luke/python-api/unknown/
saving /home/luke/python-api/unknown/a63af9e5-6683-48eb-bb37-7a5cbc3232dc.jpg
/home/luke/python-api
/home/luke/python-api/known/
saving /home/luke/python-api/known/Amanda.jpg
/home/luke/python-api
/home/luke/python-api/unknown/
saving /home/luke/python-api/unknown/e44fb4d3-c562-46ca-a21e-5bb2b25981e4.jpg
/home/luke/python-api
/home/luke/python-api/unknown/
saving /home/luke/python-api/unknown/958b9eca-30c6-49a0-b129-de477ac0c152.jpg
/home/luke/python-api
/home/luke/python-api/unknown/
saving /home/luke/python-api/unknown/da2bbba7-fa5e-47e6-af7e-a317e867eea0.jpg
/home/luke/python-api
/home/luke/python-api/unknown/
saving /home/luke/python-api/unknown/9f0df46a-d5f7-4e79-89a8-aa3555c4dcbd.jpg
/home/luke/python-api
/home/luke/python-api/unknown/
saving /home/luke/python-api/unknown/c4f82cd1-1e77-429e-b9d9-3508c144e390.jpg
/home/luke/python-api
/home/luke/python-api/unknown/
saving /home/luke/python-api/unknown/86943f4d-fa21-4c69-8cbe-06cf570860bf.jpg
/home/luke/python-api
/home/luke/python-api/unknown/
saving /home/luke/python-api/unknown/7aef9cd0-13f0-4ee5-b155-6a5a2013e430.jpg
/home/luke/python-api
/home/luke/python-api/known/
saving /home/luke/python-api/known/Lily.jpg
/home/luke/python-api
/home/luke/python-api/unknown/
saving /home/luke/python-api/unknown/8cecf0a5-64dd-4e9d-b0d1-f573230fd486.jpg
/home/luke/python-api
/home/luke/python-api/unknown/
saving /home/luke/python-api/unknown/f5823eaf-a734-427d-94e3-2a9c256c8d13.jpg
/home/luke/python-api
/home/luke/python-api/unknown/
saving /home/luke/python-api/unknown/9c5f9671-8c0a-4d15-a56d-b3d8396364d4.jpg
/home/luke/python-api
/home/luke/python-api/unknown/
saving /home/luke/python-api/unknown/4a2bb5d3-bc5e-4fec-b0eb-ec986d1eb5fc.jpg
/home/luke/python-api
/home/luke/python-api/unknown/
saving /home/luke/python-api/unknown/44d7a583-3bd6-41cc-ab6f-8f814618b166.jpg
/home/luke/python-api
/home/luke/python-api/unknown/
saving /home/luke/python-api/unknown/8cc3ae54-7ace-4ff0-9d78-f9d142663375.jpg
/home/luke/python-api
/home/luke/python-api/unknown/
saving /home/luke/python-api/unknown/69526b8f-205d-4694-b8f2-86f3634b738e.jpg
/home/luke/python-api
/home/luke/python-api/unknown/
saving /home/luke/python-api/unknown/db5f75f9-61f8-41b2-99c1-ee18255e8ea5.jpg
/home/luke/python-api
/home/luke/python-api/unknown/
saving /home/luke/python-api/unknown/1dfa3f35-f051-44e9-a4a7-591694fc7cd8.jpg
/home/luke/python-api
/home/luke/python-api/unknown/
saving /home/luke/python-api/unknown/ca38b153-b2b8-48eb-9f82-c1d190bb1640.jpg
/home/luke/python-api
/home/luke/python-api/unknown/
saving /home/luke/python-api/unknown/c836dfc7-4cbf-4add-aed3-8bfab30b512c.jpg
/home/luke/python-api
/home/luke/python-api/known/
saving /home/luke/python-api/known/Luke_P.jpg
/home/luke/python-api
/home/luke/python-api/unknown/
saving /home/luke/python-api/unknown/e4f897ad-7bcf-4c84-b2b9-21d779534731.jpg
/home/luke/python-api
/home/luke/python-api/unknown/
saving /home/luke/python-api/unknown/da30453f-ee8d-4442-a6e8-a325fe474ec6.jpg
/home/luke/python-api
/home/luke/python-api/known/
saving /home/luke/python-api/known/Luke_Smith.jpg
/home/luke/python-api
/home/luke/python-api/unknown/
saving /home/luke/python-api/unknown/59954b34-a687-403b-a779-f849126262c6.jpg
/home/luke/python-api
/home/luke/python-api/unknown/
saving /home/luke/python-api/unknown/adeb50f5-2812-47e4-b131-09a2b5badee2.jpg
/home/luke/python-api
/home/luke/python-api/unknown/
saving /home/luke/python-api/unknown/698acb36-cea4-40cd-a8b6-7c7cb2b6d650.jpg
/home/luke/python-api
/home/luke/python-api/unknown/
saving /home/luke/python-api/unknown/d824c446-7af9-4fc4-9c57-95a1f3d79ec6.jpg
/home/luke/python-api
/home/luke/python-api/unknown/
saving /home/luke/python-api/unknown/50a65816-2f34-4337-9700-bae24d3680a9.jpg
/home/luke/python-api
/home/luke/python-api/unknown/
saving /home/luke/python-api/unknown/0ccffb59-b3f9-42cd-a861-b35a94723af5.jpg
/home/luke/python-api
/home/luke/python-api/unknown/
saving /home/luke/python-api/unknown/20d314ca-a528-4326-bdb5-13cca7ecfcee.jpg
/home/luke/python-api
/home/luke/python-api/unknown/
saving /home/luke/python-api/unknown/53d02c23-434e-4ff2-b0ef-4ed98b954bdd.jpg
/home/luke/python-api
/home/luke/python-api/unknown/
saving /home/luke/python-api/unknown/95eea58d-27d1-4bbb-ae40-cc0755d83635.jpg
/home/luke/python-api
/home/luke/python-api/unknown/
saving /home/luke/python-api/unknown/162ba2c7-b344-46ae-953b-c9cd911d3996.jpg
/home/luke/python-api
/home/luke/python-api/unknown/
saving /home/luke/python-api/unknown/7557ae7a-3a5e-4e82-9275-3caab4a8c205.jpg
/home/luke/python-api
/home/luke/python-api/unknown/
saving /home/luke/python-api/unknown/d07b52ca-32bb-4206-8ae8-84f94c636f64.jpg
/home/luke/python-api
/home/luke/python-api/unknown/
saving /home/luke/python-api/unknown/4c5eca89-410a-4335-8369-29e8f430ad9e.jpg
/home/luke/python-api
/home/luke/python-api/unknown/
saving /home/luke/python-api/unknown/8ced2601-230d-486a-ad98-70fda9db89c6.jpg
/home/luke/python-api
/home/luke/python-api/unknown/
saving /home/luke/python-api/unknown/b7e10c0a-d45f-4082-b681-bdbd7b273d6d.jpg
/home/luke/python-api
/home/luke/python-api/unknown/
saving /home/luke/python-api/unknown/92d2cc3a-2bce-4fa9-8714-b7748cc7c3cd.jpg
/home/luke/python-api
/home/luke/python-api/unknown/
saving /home/luke/python-api/unknown/17b28f1b-5136-451c-af05-221472f786a3.jpg
/home/luke/python-api
/home/luke/python-api/unknown/
saving /home/luke/python-api/unknown/7da735e0-fa78-46ba-b690-cd2cb07576d3.jpg
/home/luke/python-api
/home/luke/python-api/unknown/
saving /home/luke/python-api/unknown/eee9ff58-c7c4-4526-8164-a0903c449388.jpg
/home/luke/python-api
/home/luke/python-api/unknown/
saving /home/luke/python-api/unknown/163cd90c-70c1-459c-884c-ec7a8b8dc8a9.jpg
/home/luke/python-api
/home/luke/python-api/unknown/
saving /home/luke/python-api/unknown/d3b6f487-daea-4bb7-8c09-079bd073ec13.jpg
/home/luke/python-api
/home/luke/python-api/known/
saving /home/luke/python-api/known/Name.jpg
/home/luke/python-api
/home/luke/python-api/known/
saving /home/luke/python-api/known/Name.jpg
/home/luke/python-api
/home/luke/python-api/unknown/
saving /home/luke/python-api/unknown/8d1fd40b-ce81-45c7-be2a-bce1df2d4209.jpg
/home/luke/python-api
/home/luke/python-api/unknown/
saving /home/luke/python-api/unknown/75aea822-b507-49a0-9aa1-1d3324c2c0d1.jpg
/home/luke/python-api
/home/luke/python-api/known/
saving /home/luke/python-api/known/Luke_S.jpg
/home/luke/python-api
/home/luke/python-api/unknown/
saving /home/luke/python-api/unknown/6d61d5e6-d78e-479e-a83e-ed0103e954e5.jpg
/home/luke/python-api
/home/luke/python-api/unknown/
saving /home/luke/python-api/unknown/b7491bd0-9e1e-4d6b-a93d-3ba27fbd3383.jpg
/home/luke/python-api
/home/luke/python-api/known/
saving /home/luke/python-api/known/Luke.jpg
/home/luke/python-api
/home/luke/python-api/unknown/
saving /home/luke/python-api/unknown/3da541aa-0c89-47ab-a7a6-6060f7a4f8de.jpg
/home/luke/python-api
/home/luke/python-api/known/
saving /home/luke/python-api/known/lily.jpg
/home/luke/python-api
/home/luke/python-api/unknown/
saving /home/luke/python-api/unknown/a47876c5-09d8-4e04-bacf-61c6ecf63f69.jpg
/home/luke/python-api
/home/luke/python-api/unknown/
saving /home/luke/python-api/unknown/a30a1de9-be6e-471f-bc0f-2cef7c091c26.jpg
/home/luke/python-api
/home/luke/python-api/unknown/
saving /home/luke/python-api/unknown/3760a6ec-bc9e-47ea-b8ab-5e29a13c8625.jpg
/home/luke/python-api
/home/luke/python-api/unknown/
saving /home/luke/python-api/unknown/cecd3ea4-a1a4-4757-af2e-3ba750c0d704.jpg
/home/luke/python-api
/home/luke/python-api/unknown/
saving /home/luke/python-api/unknown/cc362632-40a0-4618-9abb-b7c4ba482574.jpg
/home/luke/python-api
/home/luke/python-api/unknown/
saving /home/luke/python-api/unknown/38aeee77-dd05-4fd5-b350-ac848da49bfb.jpg
/home/luke/python-api
/home/luke/python-api/unknown/
saving /home/luke/python-api/unknown/82f91fde-7fdc-470a-90f6-e9eff5d664c5.jpg
/home/luke/python-api
/home/luke/python-api/known/
saving /home/luke/python-api/known/Luke.jpg
/home/luke/python-api
/home/luke/python-api/unknown/
saving /home/luke/python-api/unknown/ad5d1ec9-8b46-44b9-a806-7c216230120e.jpg
